[debug] [2025-03-29T04:26:15.452Z] ----------------------------------------------------------------------
[debug] [2025-03-29T04:26:15.483Z] Command:       C:\Program Files\nodejs\node.exe C:\Users\len1o\AppData\Roaming\npm\node_modules\firebase-tools\lib\bin\firebase.js init
[debug] [2025-03-29T04:26:15.483Z] CLI Version:   14.0.0
[debug] [2025-03-29T04:26:15.484Z] Platform:      win32
[debug] [2025-03-29T04:26:15.484Z] Node Version:  v20.17.0
[debug] [2025-03-29T04:26:15.485Z] Time:          Sat Mar 29 2025 12:26:15 GMT+0800 (Philippine Standard Time)
[debug] [2025-03-29T04:26:15.485Z] ----------------------------------------------------------------------
[debug] 
[debug] [2025-03-29T04:26:15.495Z] > command requires scopes: ["email","openid","https://www.googleapis.com/auth/cloudplatformprojects.readonly","https://www.googleapis.com/auth/firebase","https://www.googleapis.com/auth/cloud-platform"]
[debug] [2025-03-29T04:26:15.495Z] > authorizing via signed-in user (romedelphone@gmail.com)
[info] 
     ######## #### ########  ######## ########     ###     ######  ########
     ##        ##  ##     ## ##       ##     ##  ##   ##  ##       ##
     ######    ##  ########  ######   ########  #########  ######  ######
     ##        ##  ##    ##  ##       ##     ## ##     ##       ## ##
     ##       #### ##     ## ######## ########  ##     ##  ######  ########

You're about to initialize a Firebase project in this directory:

  \\Conan\Users\ASUS\Desktop\FOR COLLOQUIM ADMIN-REVISING\public

[info] 
=== Project Setup
[info] 
[info] First, let's associate this project directory with a Firebase project.
[info] You can create multiple project aliases by running firebase use --add, 
[info] but for now we'll just set up a default project.
[info] 
[debug] [2025-03-29T04:26:31.281Z] Checked if tokens are valid: true, expires at: 1743225889116
[debug] [2025-03-29T04:26:31.282Z] Checked if tokens are valid: true, expires at: 1743225889116
[debug] [2025-03-29T04:26:31.288Z] >>> [apiv2][query] GET https://firebase.googleapis.com/v1beta1/projects pageSize=100
[debug] [2025-03-29T04:26:32.185Z] <<< [apiv2][status] GET https://firebase.googleapis.com/v1beta1/projects 200
[debug] [2025-03-29T04:26:32.186Z] <<< [apiv2][body] GET https://firebase.googleapis.com/v1beta1/projects [omitted]
[info] i  Using project taga-cuyo-app (Taga-Cuyo App) 
[info] 
=== Hosting Setup
[debug] [2025-03-29T04:26:34.238Z] Checked if tokens are valid: true, expires at: 1743225889116
[debug] [2025-03-29T04:26:34.239Z] Checked if tokens are valid: true, expires at: 1743225889116
[debug] [2025-03-29T04:26:34.239Z] >>> [apiv2][query] GET https://firebase.googleapis.com/v1beta1/projects/taga-cuyo-app [none]
[debug] [2025-03-29T04:26:34.732Z] <<< [apiv2][status] GET https://firebase.googleapis.com/v1beta1/projects/taga-cuyo-app 200
[debug] [2025-03-29T04:26:34.732Z] <<< [apiv2][body] GET https://firebase.googleapis.com/v1beta1/projects/taga-cuyo-app {"projectId":"taga-cuyo-app","projectNumber":"908851804845","displayName":"Taga-Cuyo App","name":"projects/taga-cuyo-app","resources":{"hostingSite":"taga-cuyo-app","realtimeDatabaseInstance":"taga-cuyo-app-default-rtdb"},"state":"ACTIVE","etag":"1_96eceb69-5bc9-40f8-9849-6937f4bf1936"}
[info] 
[info] Your public directory is the folder (relative to your project directory) that
[info] will contain Hosting assets to be uploaded with firebase deploy. If you
[info] have a build process for your assets, use your build's output directory.
[info] 
